2018-Jun-06 20:22:41.685870 INFO    [daemon] Photon Coin v3.0.3.LamdaDriver-v3()
2018-Jun-06 20:22:41.686177 INFO    [daemon] Module folder: ./photond
2018-Jun-06 20:22:41.688571 INFO    [daemon] Initializing p2p server...
2018-Jun-06 20:22:41.700315 INFO    [node_server] Binding on 0.0.0.0:7080
2018-Jun-06 20:22:41.700865 INFO    [node_server] Net service bound on 0.0.0.0:7080
2018-Jun-06 20:22:41.700996 INFO    [node_server] Attempting to add IGD port mapping.
2018-Jun-06 20:22:42.122688 INFO    [node_server] Added IGD port mapping.
2018-Jun-06 20:22:42.122830 INFO    [daemon] P2p server initialized OK
2018-Jun-06 20:22:42.122915 INFO    [daemon] Initializing core...
2018-Jun-06 20:22:42.149802 INFO    [Blockchain] Loading blockchain...
2018-Jun-06 20:22:42.165253 INFO    [BlockCacheSerializer] - loading block index...
2018-Jun-06 20:22:42.165559 INFO    [BlockCacheSerializer] - loading transaction map...
2018-Jun-06 20:22:42.165646 INFO    [BlockCacheSerializer] - loading spent keys...
2018-Jun-06 20:22:42.165789 INFO    [BlockCacheSerializer] - loading outputs...
2018-Jun-06 20:22:42.165890 INFO    [BlockCacheSerializer] - loading multi-signature outputs...
2018-Jun-06 20:22:42.165968 INFO    [BlockCacheSerializer] - loading deposit index...
2018-Jun-06 20:22:42.166039 INFO    [BlockCacheSerializer] Serialization time: 0ms
2018-Jun-06 20:22:42.166156 INFO    [Blockchain] Blockchain initialized. last block: 0, d2.h12.m49.s07 time ago, current difficulty: 1
2018-Jun-06 20:22:42.166240 INFO    [daemon] Core initialized OK
2018-Jun-06 20:22:42.166421 INFO    [daemon] Starting core rpc server on address 127.0.0.1:7085
2018-Jun-06 20:22:42.166593 INFO    [daemon] Core rpc server started ok
2018-Jun-06 20:22:42.166693 INFO    [daemon] Starting p2p net loop...
2018-Jun-06 20:22:42.166775 INFO    [node_server] Starting node_server
2018-Jun-06 20:23:07.183474 ERROR   [node_server] Failed to connect to any of seed peers, continuing without seeds
2018-Jun-06 20:23:07.183719 INFO    [core] 
2018-Jun-06 20:23:07.183719 INFO    [core] **********************************************************************
2018-Jun-06 20:23:07.183719 INFO    [core] The daemon will start synchronizing with the network. It may take up to several hours.
2018-Jun-06 20:23:07.183719 INFO    [core] 
2018-Jun-06 20:23:07.183719 INFO    [core] You can set the level of process detailization* through "set_log <level>" command*, where <level> is between 0 (no details) and 4 (very verbose).
2018-Jun-06 20:23:07.183719 INFO    [core] 
2018-Jun-06 20:23:07.183719 INFO    [core] Use "help" command to see the list of available commands.
2018-Jun-06 20:23:07.183719 INFO    [core] 
2018-Jun-06 20:23:07.183719 INFO    [core] Note: in case you need to interrupt the process, use "exit" command. Otherwise, the current progress won't be saved.
2018-Jun-06 20:23:07.183719 INFO    [core] **********************************************************************
2018-Jun-06 20:23:34.187090 ERROR   [node_server] Failed to connect to any of seed peers, continuing without seeds
2018-Jun-06 20:23:38.937589 INFO    [node_server] Stop signal sent
2018-Jun-06 20:23:38.937875 INFO    [node_server] Stopping NodeServer and it's, 0 connections...
2018-Jun-06 20:23:58.939355 ERROR   [node_server] Failed to connect to any of seed peers, continuing without seeds
2018-Jun-06 20:23:59.939630 INFO    [node_server] NodeServer loop stopped
2018-Jun-06 20:23:59.939862 INFO    [daemon] p2p net loop stopped
2018-Jun-06 20:23:59.940017 INFO    [daemon] Stopping core rpc server...
2018-Jun-06 20:23:59.940258 INFO    [daemon] Deinitializing core...
2018-Jun-06 20:23:59.940434 INFO    [miner] Mining has been stopped, 0 finished
2018-Jun-06 20:23:59.968248 INFO    [Blockchain] Saving blockchain...
2018-Jun-06 20:23:59.968453 INFO    [BlockCacheSerializer] - saving block index...
2018-Jun-06 20:23:59.968555 INFO    [BlockCacheSerializer] - saving transaction map...
2018-Jun-06 20:23:59.968639 INFO    [BlockCacheSerializer] - saving spent keys...
2018-Jun-06 20:23:59.968718 INFO    [BlockCacheSerializer] - saving outputs...
2018-Jun-06 20:23:59.968811 INFO    [BlockCacheSerializer] - saving multi-signature outputs...
2018-Jun-06 20:23:59.968893 INFO    [BlockCacheSerializer] - saving deposit index...
2018-Jun-06 20:23:59.968972 INFO    [BlockCacheSerializer] Serialization time: 0ms
2018-Jun-06 20:23:59.969145 INFO    [daemon] Deinitializing p2p...
2018-Jun-06 20:23:59.969609 INFO    [miner] Mining has been stopped, 0 finished
2018-Jun-06 20:23:59.969876 INFO    [daemon] Node stopped.
