Determining if the pthread_create exist failed with the following output:
Change Dir: /home/ray-project/Photon-Coin/build/release/CMakeFiles/CMakeTmp

Run Build Command:"/usr/bin/make" "cmTC_d4c84/fast"
make[1]: вход в каталог «/home/ray-project/Photon-Coin/build/release/CMakeFiles/CMakeTmp»
/usr/bin/make -f CMakeFiles/cmTC_d4c84.dir/build.make CMakeFiles/cmTC_d4c84.dir/build
make[2]: вход в каталог «/home/ray-project/Photon-Coin/build/release/CMakeFiles/CMakeTmp»
Building C object CMakeFiles/cmTC_d4c84.dir/CheckSymbolExists.c.o
/usr/bin/cc    -o CMakeFiles/cmTC_d4c84.dir/CheckSymbolExists.c.o   -c /home/ray-project/Photon-Coin/build/release/CMakeFiles/CMakeTmp/CheckSymbolExists.c
Linking C executable cmTC_d4c84
/usr/local/bin/cmake -E cmake_link_script CMakeFiles/cmTC_d4c84.dir/link.txt --verbose=1
/usr/bin/cc      CMakeFiles/cmTC_d4c84.dir/CheckSymbolExists.c.o  -o cmTC_d4c84 
CMakeFiles/cmTC_d4c84.dir/CheckSymbolExists.c.o: In function `main':
CheckSymbolExists.c:(.text+0x16): undefined reference to `pthread_create'
collect2: error: ld returned 1 exit status
CMakeFiles/cmTC_d4c84.dir/build.make:86: ошибка выполнения рецепта для цели «cmTC_d4c84»
make[2]: *** [cmTC_d4c84] Ошибка 1
make[2]: выход из каталога «/home/ray-project/Photon-Coin/build/release/CMakeFiles/CMakeTmp»
Makefile:126: ошибка выполнения рецепта для цели «cmTC_d4c84/fast»
make[1]: *** [cmTC_d4c84/fast] Ошибка 2
make[1]: выход из каталога «/home/ray-project/Photon-Coin/build/release/CMakeFiles/CMakeTmp»

File /home/ray-project/Photon-Coin/build/release/CMakeFiles/CMakeTmp/CheckSymbolExists.c:
/* */
#include <pthread.h>

int main(int argc, char** argv)
{
  (void)argv;
#ifndef pthread_create
  return ((int*)(&pthread_create))[argc];
#else
  (void)argc;
  return 0;
#endif
}

